<?xml version="1.0" encoding="UTF-8"?>
<coverage generated="1607876698782" clover="3.2.0">
  <project timestamp="1607876698782" name="All files">
    <metrics statements="273" coveredstatements="215" conditionals="70" coveredconditionals="62" methods="52" coveredmethods="37" elements="395" coveredelements="314" complexity="0" loc="273" ncloc="273" packages="1" files="3" classes="3"/>
    <file name="Types.ts" path="/Users/dirkstahlecker/programming/trackchasing-website/src/Types.ts">
      <metrics statements="61" coveredstatements="45" conditionals="18" coveredconditionals="17" methods="15" coveredmethods="11"/>
      <line num="3" count="2" type="stmt"/>
      <line num="18" count="91" type="stmt"/>
      <line num="19" count="91" type="stmt"/>
      <line num="20" count="91" type="stmt"/>
      <line num="21" count="91" type="stmt"/>
      <line num="22" count="91" type="stmt"/>
      <line num="23" count="91" type="stmt"/>
      <line num="24" count="91" type="stmt"/>
      <line num="27" count="2" type="stmt"/>
      <line num="29" count="1" type="stmt"/>
      <line num="33" count="2" type="stmt"/>
      <line num="35" count="0" type="stmt"/>
      <line num="39" count="2" type="stmt"/>
      <line num="41" count="2" type="stmt"/>
      <line num="49" count="472" type="cond" truecount="3" falsecount="1"/>
      <line num="51" count="0" type="stmt"/>
      <line num="54" count="472" type="stmt"/>
      <line num="55" count="472" type="stmt"/>
      <line num="56" count="472" type="stmt"/>
      <line num="59" count="2" type="stmt"/>
      <line num="61" count="20247" type="cond" truecount="3" falsecount="0"/>
      <line num="66" count="2" type="stmt"/>
      <line num="68" count="472" type="cond" truecount="5" falsecount="0"/>
      <line num="73" count="2" type="stmt"/>
      <line num="74" count="2" type="stmt"/>
      <line num="78" count="470" type="stmt"/>
      <line num="80" count="470" type="stmt"/>
      <line num="81" count="470" type="stmt"/>
      <line num="82" count="470" type="stmt"/>
      <line num="83" count="470" type="cond" truecount="2" falsecount="0"/>
      <line num="85" count="91" type="stmt"/>
      <line num="87" count="91" type="stmt"/>
      <line num="88" count="91" type="stmt"/>
      <line num="89" count="91" type="stmt"/>
      <line num="92" count="470" type="stmt"/>
      <line num="96" count="2" type="stmt"/>
      <line num="98" count="2" type="stmt"/>
      <line num="99" count="2" type="cond" truecount="2" falsecount="0"/>
      <line num="101" count="1" type="stmt"/>
      <line num="103" count="2" type="stmt"/>
      <line num="105" count="2" type="stmt"/>
      <line num="108" count="2" type="cond" truecount="2" falsecount="0"/>
      <line num="110" count="2" type="stmt"/>
      <line num="119" count="0" type="stmt"/>
      <line num="120" count="0" type="stmt"/>
      <line num="121" count="0" type="stmt"/>
      <line num="124" count="2" type="stmt"/>
      <line num="126" count="0" type="stmt"/>
      <line num="128" count="2" type="stmt"/>
      <line num="130" count="2" type="stmt"/>
      <line num="146" count="0" type="stmt"/>
      <line num="147" count="0" type="stmt"/>
      <line num="148" count="0" type="stmt"/>
      <line num="149" count="0" type="stmt"/>
      <line num="150" count="0" type="stmt"/>
      <line num="151" count="0" type="stmt"/>
      <line num="152" count="0" type="stmt"/>
      <line num="153" count="0" type="stmt"/>
      <line num="154" count="0" type="stmt"/>
      <line num="155" count="0" type="stmt"/>
      <line num="157" count="2" type="stmt"/>
    </file>
    <file name="parser.ts" path="/Users/dirkstahlecker/programming/trackchasing-website/src/parser.ts">
      <metrics statements="47" coveredstatements="42" conditionals="15" coveredconditionals="11" methods="8" coveredmethods="7"/>
      <line num="2" count="1" type="stmt"/>
      <line num="3" count="1" type="stmt"/>
      <line num="4" count="1" type="stmt"/>
      <line num="6" count="1" type="stmt"/>
      <line num="7" count="1" type="stmt"/>
      <line num="9" count="1" type="stmt"/>
      <line num="10" count="1" type="stmt"/>
      <line num="11" count="1" type="stmt"/>
      <line num="12" count="1" type="stmt"/>
      <line num="14" count="1" type="stmt"/>
      <line num="16" count="1" type="stmt"/>
      <line num="18" count="1" type="stmt"/>
      <line num="21" count="1" type="stmt"/>
      <line num="23" count="1" type="cond" truecount="1" falsecount="1"/>
      <line num="26" count="1" type="stmt"/>
      <line num="28" count="216" type="cond" truecount="1" falsecount="1"/>
      <line num="30" count="0" type="stmt"/>
      <line num="32" count="108" type="cond" truecount="1" falsecount="0"/>
      <line num="37" count="1" type="stmt"/>
      <line num="39" count="1" type="cond" truecount="1" falsecount="1"/>
      <line num="41" count="0" type="stmt"/>
      <line num="44" count="1" type="stmt"/>
      <line num="45" count="1" type="stmt"/>
      <line num="46" count="1" type="stmt"/>
      <line num="47" count="187" type="cond" truecount="2" falsecount="0"/>
      <line num="49" count="1" type="stmt"/>
      <line num="52" count="186" type="stmt"/>
      <line num="53" count="186" type="stmt"/>
      <line num="54" count="186" type="stmt"/>
      <line num="55" count="186" type="stmt"/>
      <line num="56" count="186" type="cond" truecount="2" falsecount="0"/>
      <line num="58" count="125" type="stmt"/>
      <line num="60" count="186" type="stmt"/>
      <line num="73" count="186" type="stmt"/>
      <line num="76" count="1" type="stmt"/>
      <line num="79" count="1" type="stmt"/>
      <line num="81" count="225" type="cond" truecount="2" falsecount="0"/>
      <line num="84" count="1" type="stmt"/>
      <line num="85" count="1" type="stmt"/>
      <line num="87" count="2" type="stmt"/>
      <line num="88" count="1" type="stmt"/>
      <line num="90" count="113" type="cond" truecount="1" falsecount="0"/>
      <line num="93" count="1" type="stmt"/>
      <line num="95" count="0" type="cond" truecount="0" falsecount="1"/>
      <line num="96" count="0" type="stmt"/>
      <line num="98" count="0" type="stmt"/>
      <line num="100" count="1" type="stmt"/>
    </file>
    <file name="server.ts" path="/Users/dirkstahlecker/programming/trackchasing-website/src/server.ts">
      <metrics statements="165" coveredstatements="128" conditionals="37" coveredconditionals="34" methods="29" coveredmethods="19"/>
      <line num="1" count="1" type="stmt"/>
      <line num="2" count="1" type="stmt"/>
      <line num="3" count="1" type="stmt"/>
      <line num="5" count="1" type="stmt"/>
      <line num="7" count="1" type="stmt"/>
      <line num="9" count="1" type="stmt"/>
      <line num="11" count="1" type="stmt"/>
      <line num="12" count="1" type="stmt"/>
      <line num="14" count="1" type="stmt"/>
      <line num="17" count="1" type="stmt"/>
      <line num="19" count="4" type="cond" truecount="1" falsecount="0"/>
      <line num="20" count="4" type="stmt"/>
      <line num="22" count="4" type="stmt"/>
      <line num="25" count="1" type="stmt"/>
      <line num="27" count="2" type="cond" truecount="1" falsecount="0"/>
      <line num="29" count="2" type="stmt"/>
      <line num="30" count="2" type="stmt"/>
      <line num="32" count="180" type="stmt"/>
      <line num="33" count="180" type="cond" truecount="2" falsecount="0"/>
      <line num="35" count="154" type="stmt"/>
      <line num="38" count="2" type="stmt"/>
      <line num="41" count="1" type="stmt"/>
      <line num="43" count="90" type="stmt"/>
      <line num="46" count="76" type="stmt"/>
      <line num="48" count="3" type="stmt"/>
      <line num="50" count="11" type="stmt"/>
      <line num="52" count="0" type="stmt"/>
      <line num="56" count="1" type="stmt"/>
      <line num="58" count="1" type="cond" truecount="2" falsecount="0"/>
      <line num="59" count="1" type="stmt"/>
      <line num="61" count="1" type="stmt"/>
      <line num="62" count="91" type="cond" truecount="2" falsecount="0"/>
      <line num="64" count="90" type="stmt"/>
      <line num="65" count="90" type="stmt"/>
      <line num="66" count="90" type="stmt"/>
      <line num="67" count="90" type="stmt"/>
      <line num="68" count="90" type="stmt"/>
      <line num="69" count="90" type="stmt"/>
      <line num="71" count="90" type="stmt"/>
      <line num="81" count="90" type="stmt"/>
      <line num="83" count="1" type="stmt"/>
      <line num="86" count="1" type="stmt"/>
      <line num="88" count="96" type="cond" truecount="1" falsecount="0"/>
      <line num="89" count="96" type="stmt"/>
      <line num="91" count="96" type="stmt"/>
      <line num="92" count="96" type="stmt"/>
      <line num="93" count="96" type="stmt"/>
      <line num="95" count="4512" type="stmt"/>
      <line num="96" count="4512" type="stmt"/>
      <line num="97" count="4512" type="cond" truecount="2" falsecount="0"/>
      <line num="99" count="96" type="stmt"/>
      <line num="103" count="4416" type="cond" truecount="2" falsecount="0"/>
      <line num="105" count="624" type="cond" truecount="2" falsecount="0"/>
      <line num="108" count="246" type="cond" truecount="2" falsecount="0"/>
      <line num="110" count="41" type="stmt"/>
      <line num="115" count="378" type="stmt"/>
      <line num="118" count="4416" type="stmt"/>
      <line num="121" count="96" type="stmt"/>
      <line num="125" count="1" type="stmt"/>
      <line num="127" count="12" type="cond" truecount="1" falsecount="0"/>
      <line num="128" count="12" type="stmt"/>
      <line num="129" count="12" type="stmt"/>
      <line num="131" count="12" type="stmt"/>
      <line num="132" count="12" type="stmt"/>
      <line num="134" count="564" type="stmt"/>
      <line num="135" count="564" type="stmt"/>
      <line num="136" count="564" type="cond" truecount="2" falsecount="0"/>
      <line num="138" count="12" type="stmt"/>
      <line num="141" count="552" type="stmt"/>
      <line num="142" count="552" type="cond" truecount="2" falsecount="0"/>
      <line num="144" count="94" type="cond" truecount="2" falsecount="0"/>
      <line num="146" count="22" type="cond" truecount="2" falsecount="0"/>
      <line num="148" count="3" type="stmt"/>
      <line num="153" count="72" type="stmt"/>
      <line num="156" count="552" type="stmt"/>
      <line num="159" count="12" type="stmt"/>
      <line num="162" count="1" type="stmt"/>
      <line num="164" count="108" type="cond" truecount="1" falsecount="0"/>
      <line num="166" count="108" type="stmt"/>
      <line num="167" count="20088" type="stmt"/>
      <line num="170" count="108" type="stmt"/>
      <line num="174" count="1" type="stmt"/>
      <line num="176" count="38" type="stmt"/>
      <line num="179" count="1" type="stmt"/>
      <line num="181" count="6" type="stmt"/>
      <line num="182" count="6" type="stmt"/>
      <line num="184" count="6" type="stmt"/>
      <line num="185" count="38" type="stmt"/>
      <line num="188" count="6" type="stmt"/>
      <line num="191" count="1" type="stmt"/>
      <line num="193" count="17" type="stmt"/>
      <line num="195" count="17" type="stmt"/>
      <line num="198" count="1" type="stmt"/>
      <line num="200" count="6" type="cond" truecount="1" falsecount="1"/>
      <line num="202" count="0" type="stmt"/>
      <line num="205" count="6" type="stmt"/>
      <line num="207" count="6" type="stmt"/>
      <line num="209" count="6" type="stmt"/>
      <line num="216" count="6" type="stmt"/>
      <line num="220" count="1" type="stmt"/>
      <line num="222" count="6" type="stmt"/>
      <line num="224" count="6" type="stmt"/>
      <line num="225" count="6" type="stmt"/>
      <line num="226" count="12" type="stmt"/>
      <line num="227" count="12" type="stmt"/>
      <line num="230" count="6" type="stmt"/>
      <line num="233" count="1" type="stmt"/>
      <line num="235" count="1" type="cond" truecount="1" falsecount="0"/>
      <line num="237" count="3" type="stmt"/>
      <line num="238" count="3" type="stmt"/>
      <line num="245" count="3" type="stmt"/>
      <line num="246" count="3" type="stmt"/>
      <line num="249" count="1" type="stmt"/>
      <line num="250" count="1" type="stmt"/>
      <line num="253" count="1" type="stmt"/>
      <line num="255" count="0" type="cond" truecount="0" falsecount="1"/>
      <line num="260" count="1" type="stmt"/>
      <line num="262" count="1" type="stmt"/>
      <line num="272" count="1" type="stmt"/>
      <line num="273" count="0" type="stmt"/>
      <line num="274" count="0" type="stmt"/>
      <line num="276" count="0" type="stmt"/>
      <line num="278" count="0" type="stmt"/>
      <line num="282" count="1" type="stmt"/>
      <line num="283" count="0" type="stmt"/>
      <line num="284" count="0" type="stmt"/>
      <line num="286" count="0" type="stmt"/>
      <line num="288" count="0" type="stmt"/>
      <line num="292" count="1" type="stmt"/>
      <line num="293" count="0" type="stmt"/>
      <line num="294" count="0" type="stmt"/>
      <line num="296" count="0" type="stmt"/>
      <line num="297" count="0" type="stmt"/>
      <line num="299" count="0" type="stmt"/>
      <line num="303" count="1" type="stmt"/>
      <line num="304" count="0" type="stmt"/>
      <line num="305" count="0" type="stmt"/>
      <line num="307" count="0" type="stmt"/>
      <line num="308" count="0" type="stmt"/>
      <line num="310" count="0" type="stmt"/>
      <line num="314" count="1" type="stmt"/>
      <line num="315" count="0" type="stmt"/>
      <line num="316" count="0" type="stmt"/>
      <line num="318" count="0" type="stmt"/>
      <line num="319" count="0" type="stmt"/>
      <line num="321" count="0" type="stmt"/>
      <line num="324" count="1" type="stmt"/>
      <line num="325" count="0" type="stmt"/>
      <line num="327" count="0" type="stmt"/>
      <line num="328" count="0" type="stmt"/>
      <line num="330" count="0" type="stmt"/>
      <line num="331" count="0" type="stmt"/>
      <line num="334" count="1" type="stmt"/>
      <line num="335" count="0" type="stmt"/>
      <line num="337" count="0" type="stmt"/>
      <line num="339" count="0" type="stmt"/>
      <line num="340" count="0" type="stmt"/>
      <line num="347" count="1" type="stmt"/>
      <line num="349" count="1" type="stmt"/>
      <line num="350" count="1" type="stmt"/>
      <line num="351" count="1" type="stmt"/>
      <line num="352" count="0" type="stmt"/>
      <line num="355" count="1" type="cond" truecount="2" falsecount="0"/>
      <line num="356" count="1" type="stmt"/>
      <line num="357" count="0" type="stmt"/>
    </file>
  </project>
</coverage>
