{"/Users/dirkstahlecker/programming/trackchasing-website/src/Types.ts": {"path":"/Users/dirkstahlecker/programming/trackchasing-website/src/Types.ts","statementMap":{"0":{"start":{"line":3,"column":0},"end":{"line":3,"column":13}},"1":{"start":{"line":18,"column":2},"end":{"line":18,"column":35}},"2":{"start":{"line":19,"column":2},"end":{"line":19,"column":null}},"3":{"start":{"line":20,"column":2},"end":{"line":20,"column":29}},"4":{"start":{"line":21,"column":2},"end":{"line":21,"column":null}},"5":{"start":{"line":22,"column":2},"end":{"line":22,"column":null}},"6":{"start":{"line":23,"column":2},"end":{"line":23,"column":21}},"7":{"start":{"line":24,"column":2},"end":{"line":24,"column":21}},"8":{"start":{"line":27,"column":1},"end":{"line":30,"column":null}},"9":{"start":{"line":29,"column":2},"end":{"line":29,"column":41}},"10":{"start":{"line":33,"column":8},"end":{"line":36,"column":null}},"11":{"start":{"line":35,"column":2},"end":{"line":35,"column":65}},"12":{"start":{"line":39,"column":0},"end":{"line":39,"column":null}},"13":{"start":{"line":3,"column":13},"end":{"line":3,"column":18}},"14":{"start":{"line":41,"column":0},"end":{"line":41,"column":13}},"15":{"start":{"line":49,"column":4},"end":{"line":52,"column":null}},"16":{"start":{"line":51,"column":6},"end":{"line":51,"column":90}},"17":{"start":{"line":54,"column":2},"end":{"line":54,"column":27}},"18":{"start":{"line":55,"column":2},"end":{"line":55,"column":37}},"19":{"start":{"line":56,"column":2},"end":{"line":56,"column":41}},"20":{"start":{"line":59,"column":16},"end":{"line":64,"column":null}},"21":{"start":{"line":61,"column":4},"end":{"line":63,"column":51}},"22":{"start":{"line":66,"column":16},"end":{"line":94,"column":null}},"23":{"start":{"line":68,"column":2},"end":{"line":93,"column":null}},"24":{"start":{"line":73,"column":19},"end":{"line":73,"column":39}},"25":{"start":{"line":74,"column":3},"end":{"line":74,"column":99}},"26":{"start":{"line":78,"column":20},"end":{"line":78,"column":51}},"27":{"start":{"line":80,"column":25},"end":{"line":80,"column":30}},"28":{"start":{"line":81,"column":17},"end":{"line":81,"column":38}},"29":{"start":{"line":82,"column":23},"end":{"line":82,"column":27}},"30":{"start":{"line":83,"column":3},"end":{"line":90,"column":null}},"31":{"start":{"line":85,"column":4},"end":{"line":85,"column":27}},"32":{"start":{"line":87,"column":4},"end":{"line":87,"column":36}},"33":{"start":{"line":88,"column":4},"end":{"line":88,"column":59}},"34":{"start":{"line":89,"column":4},"end":{"line":89,"column":32}},"35":{"start":{"line":92,"column":3},"end":{"line":92,"column":67}},"36":{"start":{"line":96,"column":8},"end":{"line":104,"column":null}},"37":{"start":{"line":98,"column":12},"end":{"line":98,"column":25}},"38":{"start":{"line":99,"column":2},"end":{"line":102,"column":null}},"39":{"start":{"line":101,"column":3},"end":{"line":101,"column":42}},"40":{"start":{"line":103,"column":2},"end":{"line":103,"column":13}},"41":{"start":{"line":105,"column":0},"end":{"line":105,"column":null}},"42":{"start":{"line":41,"column":13},"end":{"line":41,"column":22}},"43":{"start":{"line":108,"column":0},"end":{"line":108,"column":27}},"44":{"start":{"line":108,"column":27},"end":{"line":108,"column":33}},"45":{"start":{"line":108,"column":33},"end":{"line":108,"column":43}},"46":{"start":{"line":108,"column":43},"end":{"line":108,"column":55}},"47":{"start":{"line":110,"column":0},"end":{"line":110,"column":13}},"48":{"start":{"line":119,"column":4},"end":{"line":119,"column":21}},"49":{"start":{"line":120,"column":4},"end":{"line":120,"column":27}},"50":{"start":{"line":121,"column":4},"end":{"line":121,"column":23}},"51":{"start":{"line":124,"column":9},"end":{"line":127,"column":null}},"52":{"start":{"line":126,"column":4},"end":{"line":126,"column":70}},"53":{"start":{"line":128,"column":0},"end":{"line":128,"column":null}},"54":{"start":{"line":110,"column":13},"end":{"line":110,"column":21}},"55":{"start":{"line":130,"column":0},"end":{"line":130,"column":13}},"56":{"start":{"line":146,"column":2},"end":{"line":146,"column":35}},"57":{"start":{"line":147,"column":2},"end":{"line":147,"column":23}},"58":{"start":{"line":148,"column":2},"end":{"line":148,"column":19}},"59":{"start":{"line":149,"column":2},"end":{"line":149,"column":27}},"60":{"start":{"line":150,"column":2},"end":{"line":150,"column":29}},"61":{"start":{"line":151,"column":2},"end":{"line":151,"column":25}},"62":{"start":{"line":152,"column":2},"end":{"line":152,"column":29}},"63":{"start":{"line":153,"column":2},"end":{"line":153,"column":19}},"64":{"start":{"line":154,"column":2},"end":{"line":154,"column":21}},"65":{"start":{"line":155,"column":2},"end":{"line":155,"column":21}},"66":{"start":{"line":157,"column":0},"end":{"line":157,"column":null}},"67":{"start":{"line":130,"column":13},"end":{"line":130,"column":17}}},"fnMap":{"0":{"name":"(anonymous_0)","decl":{"start":{"line":3,"column":0},"end":{"line":3,"column":13}},"loc":{"start":{"line":3,"column":0},"end":{"line":39,"column":null}}},"1":{"name":"Track","decl":{"start":{"line":15,"column":1},"end":{"line":15,"column":13}},"loc":{"start":{"line":16,"column":49},"end":{"line":25,"column":2}}},"2":{"name":"(anonymous_2)","decl":{"start":{"line":27,"column":1},"end":{"line":27,"column":12}},"loc":{"start":{"line":27,"column":1},"end":{"line":30,"column":2}}},"3":{"name":"(anonymous_3)","decl":{"start":{"line":33,"column":1},"end":{"line":33,"column":8}},"loc":{"start":{"line":33,"column":1},"end":{"line":36,"column":2}}},"4":{"name":"(anonymous_4)","decl":{"start":{"line":41,"column":0},"end":{"line":41,"column":13}},"loc":{"start":{"line":41,"column":0},"end":{"line":105,"column":null}}},"5":{"name":"TrackName","decl":{"start":{"line":47,"column":1},"end":{"line":47,"column":13}},"loc":{"start":{"line":47,"column":85},"end":{"line":57,"column":3}}},"6":{"name":"(anonymous_6)","decl":{"start":{"line":59,"column":2},"end":{"line":59,"column":16}},"loc":{"start":{"line":59,"column":51},"end":{"line":64,"column":3}}},"7":{"name":"(anonymous_7)","decl":{"start":{"line":66,"column":2},"end":{"line":66,"column":16}},"loc":{"start":{"line":66,"column":52},"end":{"line":94,"column":2}}},"8":{"name":"(anonymous_8)","decl":{"start":{"line":96,"column":1},"end":{"line":96,"column":8}},"loc":{"start":{"line":96,"column":1},"end":{"line":104,"column":2}}},"9":{"name":"(anonymous_9)","decl":{"start":{"line":108,"column":0},"end":{"line":108,"column":12}},"loc":{"start":{"line":108,"column":25},"end":{"line":108,"column":55}}},"10":{"name":"(anonymous_10)","decl":{"start":{"line":110,"column":0},"end":{"line":110,"column":13}},"loc":{"start":{"line":110,"column":0},"end":{"line":128,"column":null}}},"11":{"name":"EventObj","decl":{"start":{"line":117,"column":2},"end":{"line":117,"column":14}},"loc":{"start":{"line":117,"column":58},"end":{"line":122,"column":3}}},"12":{"name":"(anonymous_12)","decl":{"start":{"line":124,"column":2},"end":{"line":124,"column":9}},"loc":{"start":{"line":124,"column":28},"end":{"line":127,"column":3}}},"13":{"name":"(anonymous_13)","decl":{"start":{"line":130,"column":0},"end":{"line":130,"column":13}},"loc":{"start":{"line":130,"column":0},"end":{"line":157,"column":null}}},"14":{"name":"Flip","decl":{"start":{"line":143,"column":1},"end":{"line":143,"column":13}},"loc":{"start":{"line":144,"column":82},"end":{"line":156,"column":2}}}},"branchMap":{"0":{"loc":{"start":{"line":49,"column":4},"end":{"line":52,"column":null}},"type":"if","locations":[{"start":{"line":49,"column":4},"end":{"line":52,"column":null}},{"start":{"line":49,"column":4},"end":{"line":52,"column":null}}]},"1":{"loc":{"start":{"line":49,"column":8},"end":{"line":49,"column":23}},"type":"binary-expr","locations":[{"start":{"line":49,"column":8},"end":{"line":49,"column":23}},{"start":{"line":49,"column":27},"end":{"line":49,"column":48}}]},"2":{"loc":{"start":{"line":61,"column":11},"end":{"line":61,"column":38}},"type":"binary-expr","locations":[{"start":{"line":61,"column":11},"end":{"line":61,"column":38}},{"start":{"line":62,"column":9},"end":{"line":62,"column":46}},{"start":{"line":63,"column":9},"end":{"line":63,"column":50}}]},"3":{"loc":{"start":{"line":68,"column":2},"end":{"line":93,"column":null}},"type":"if","locations":[{"start":{"line":68,"column":2},"end":{"line":93,"column":null}},{"start":{"line":68,"column":2},"end":{"line":93,"column":null}}]},"4":{"loc":{"start":{"line":68,"column":6},"end":{"line":68,"column":46}},"type":"binary-expr","locations":[{"start":{"line":68,"column":6},"end":{"line":68,"column":46}},{"start":{"line":69,"column":6},"end":{"line":69,"column":53}},{"start":{"line":70,"column":6},"end":{"line":70,"column":51}}]},"5":{"loc":{"start":{"line":83,"column":3},"end":{"line":90,"column":null}},"type":"if","locations":[{"start":{"line":83,"column":3},"end":{"line":90,"column":null}},{"start":{"line":83,"column":3},"end":{"line":90,"column":null}}]},"6":{"loc":{"start":{"line":99,"column":2},"end":{"line":102,"column":null}},"type":"if","locations":[{"start":{"line":99,"column":2},"end":{"line":102,"column":null}},{"start":{"line":99,"column":2},"end":{"line":102,"column":null}}]},"7":{"loc":{"start":{"line":108,"column":12},"end":{"line":108,"column":25}},"type":"binary-expr","locations":[{"start":{"line":108,"column":12},"end":{"line":108,"column":25}},{"start":{"line":108,"column":12},"end":{"line":108,"column":27}}]}},"s":{"0":2,"1":91,"2":91,"3":91,"4":91,"5":91,"6":91,"7":91,"8":2,"9":1,"10":2,"11":0,"12":2,"13":2,"14":2,"15":472,"16":0,"17":472,"18":472,"19":472,"20":2,"21":20247,"22":2,"23":472,"24":2,"25":2,"26":470,"27":470,"28":470,"29":470,"30":470,"31":91,"32":91,"33":91,"34":91,"35":470,"36":2,"37":2,"38":2,"39":1,"40":2,"41":2,"42":2,"43":2,"44":2,"45":2,"46":2,"47":2,"48":0,"49":0,"50":0,"51":2,"52":0,"53":2,"54":2,"55":2,"56":0,"57":0,"58":0,"59":0,"60":0,"61":0,"62":0,"63":0,"64":0,"65":0,"66":2,"67":2},"f":{"0":2,"1":91,"2":1,"3":0,"4":2,"5":472,"6":20247,"7":472,"8":2,"9":2,"10":2,"11":0,"12":0,"13":2,"14":0},"b":{"0":[0,472],"1":[472,92],"2":[20247,335,288],"3":[2,470],"4":[472,2,2],"5":[91,379],"6":[1,1],"7":[2,2]}}
,"/Users/dirkstahlecker/programming/trackchasing-website/src/parser.ts": {"path":"/Users/dirkstahlecker/programming/trackchasing-website/src/parser.ts","statementMap":{"0":{"start":{"line":2,"column":0},"end":{"line":2,"column":24}},"1":{"start":{"line":3,"column":0},"end":{"line":3,"column":40}},"2":{"start":{"line":4,"column":9},"end":{"line":4,"column":22}},"3":{"start":{"line":6,"column":22},"end":{"line":6,"column":26}},"4":{"start":{"line":7,"column":32},"end":{"line":7,"column":36}},"5":{"start":{"line":9,"column":21},"end":{"line":9,"column":28}},"6":{"start":{"line":10,"column":18},"end":{"line":10,"column":40}},"7":{"start":{"line":11,"column":23},"end":{"line":11,"column":50}},"8":{"start":{"line":12,"column":21},"end":{"line":12,"column":28}},"9":{"start":{"line":14,"column":0},"end":{"line":14,"column":13}},"10":{"start":{"line":16,"column":9},"end":{"line":19,"column":null}},"11":{"start":{"line":18,"column":2},"end":{"line":18,"column":50}},"12":{"start":{"line":21,"column":1},"end":{"line":24,"column":null}},"13":{"start":{"line":23,"column":2},"end":{"line":23,"column":61}},"14":{"start":{"line":26,"column":14},"end":{"line":33,"column":null}},"15":{"start":{"line":28,"column":6},"end":{"line":28,"column":16}},"16":{"start":{"line":30,"column":3},"end":{"line":30,"column":22}},"17":{"start":{"line":32,"column":2},"end":{"line":32,"column":20}},"18":{"start":{"line":37,"column":14},"end":{"line":77,"column":null}},"19":{"start":{"line":39,"column":2},"end":{"line":42,"column":null}},"20":{"start":{"line":41,"column":3},"end":{"line":41,"column":10}},"21":{"start":{"line":44,"column":8},"end":{"line":44,"column":39}},"22":{"start":{"line":45,"column":8},"end":{"line":45,"column":27}},"23":{"start":{"line":46,"column":2},"end":{"line":74,"column":5}},"24":{"start":{"line":47,"column":3},"end":{"line":50,"column":null}},"25":{"start":{"line":49,"column":4},"end":{"line":49,"column":11}},"26":{"start":{"line":52,"column":20},"end":{"line":52,"column":37}},"27":{"start":{"line":53,"column":31},"end":{"line":53,"column":48}},"28":{"start":{"line":54,"column":35},"end":{"line":54,"column":63}},"29":{"start":{"line":55,"column":19},"end":{"line":55,"column":24}},"30":{"start":{"line":56,"column":3},"end":{"line":59,"column":null}},"31":{"start":{"line":58,"column":4},"end":{"line":58,"column":21}},"32":{"start":{"line":60,"column":29},"end":{"line":71,"column":null}},"33":{"start":{"line":73,"column":3},"end":{"line":73,"column":27}},"34":{"start":{"line":76,"column":2},"end":{"line":76,"column":null}},"35":{"start":{"line":79,"column":14},"end":{"line":91,"column":null}},"36":{"start":{"line":81,"column":6},"end":{"line":81,"column":16}},"37":{"start":{"line":84,"column":7},"end":{"line":84,"column":73}},"38":{"start":{"line":85,"column":7},"end":{"line":85,"column":29}},"39":{"start":{"line":87,"column":3},"end":{"line":87,"column":34}},"40":{"start":{"line":88,"column":3},"end":{"line":88,"column":null}},"41":{"start":{"line":90,"column":2},"end":{"line":90,"column":20}},"42":{"start":{"line":93,"column":14},"end":{"line":99,"column":null}},"43":{"start":{"line":95,"column":15},"end":{"line":95,"column":null}},"44":{"start":{"line":95,"column":8},"end":{"line":95,"column":null}},"45":{"start":{"line":96,"column":8},"end":{"line":96,"column":39}},"46":{"start":{"line":98,"column":2},"end":{"line":98,"column":25}},"47":{"start":{"line":100,"column":0},"end":{"line":100,"column":null}},"48":{"start":{"line":14,"column":13},"end":{"line":14,"column":19}}},"fnMap":{"0":{"name":"(anonymous_14)","decl":{"start":{"line":14,"column":0},"end":{"line":14,"column":13}},"loc":{"start":{"line":14,"column":0},"end":{"line":100,"column":null}}},"1":{"name":"(anonymous_16)","decl":{"start":{"line":16,"column":1},"end":{"line":16,"column":9}},"loc":{"start":{"line":16,"column":1},"end":{"line":19,"column":2}}},"2":{"name":"(anonymous_17)","decl":{"start":{"line":21,"column":1},"end":{"line":21,"column":13}},"loc":{"start":{"line":21,"column":1},"end":{"line":24,"column":2}}},"3":{"name":"(anonymous_18)","decl":{"start":{"line":26,"column":1},"end":{"line":26,"column":14}},"loc":{"start":{"line":26,"column":1},"end":{"line":33,"column":null}}},"4":{"name":"(anonymous_21)","decl":{"start":{"line":37,"column":1},"end":{"line":37,"column":14}},"loc":{"start":{"line":37,"column":37},"end":{"line":77,"column":null}}},"5":{"name":"(anonymous_24)","decl":{"start":{"line":46,"column":33},"end":{"line":46,"column":34}},"loc":{"start":{"line":46,"column":40},"end":{"line":74,"column":3}}},"6":{"name":"(anonymous_25)","decl":{"start":{"line":79,"column":1},"end":{"line":79,"column":14}},"loc":{"start":{"line":79,"column":1},"end":{"line":91,"column":null}}},"7":{"name":"(anonymous_28)","decl":{"start":{"line":93,"column":1},"end":{"line":93,"column":14}},"loc":{"start":{"line":93,"column":1},"end":{"line":99,"column":null}}}},"branchMap":{"0":{"loc":{"start":{"line":23,"column":34},"end":{"line":23,"column":48}},"type":"cond-expr","locations":[{"start":{"line":23,"column":34},"end":{"line":23,"column":48}},{"start":{"line":23,"column":51},"end":{"line":23,"column":60}}]},"1":{"loc":{"start":{"line":32,"column":2},"end":{"line":32,"column":20}},"type":"switch","locations":[{"start":{"line":32,"column":2},"end":{"line":32,"column":20}}]},"2":{"loc":{"start":{"line":28,"column":6},"end":{"line":28,"column":16}},"type":"if","locations":[{"start":{"line":28,"column":6},"end":{"line":28,"column":16}},{"start":{"line":28,"column":6},"end":{"line":28,"column":16}}]},"3":{"loc":{"start":{"line":39,"column":2},"end":{"line":42,"column":null}},"type":"if","locations":[{"start":{"line":39,"column":2},"end":{"line":42,"column":null}},{"start":{"line":39,"column":2},"end":{"line":42,"column":null}}]},"4":{"loc":{"start":{"line":47,"column":3},"end":{"line":50,"column":null}},"type":"if","locations":[{"start":{"line":47,"column":3},"end":{"line":50,"column":null}},{"start":{"line":47,"column":3},"end":{"line":50,"column":null}}]},"5":{"loc":{"start":{"line":56,"column":3},"end":{"line":59,"column":null}},"type":"if","locations":[{"start":{"line":56,"column":3},"end":{"line":59,"column":null}},{"start":{"line":56,"column":3},"end":{"line":59,"column":null}}]},"6":{"loc":{"start":{"line":90,"column":2},"end":{"line":90,"column":20}},"type":"switch","locations":[{"start":{"line":90,"column":2},"end":{"line":90,"column":20}}]},"7":{"loc":{"start":{"line":81,"column":6},"end":{"line":81,"column":16}},"type":"if","locations":[{"start":{"line":81,"column":6},"end":{"line":81,"column":16}},{"start":{"line":81,"column":6},"end":{"line":81,"column":16}}]},"8":{"loc":{"start":{"line":95,"column":15},"end":{"line":95,"column":null}},"type":"switch","locations":[{"start":{"line":95,"column":15},"end":{"line":95,"column":null}}]}},"s":{"0":1,"1":1,"2":1,"3":1,"4":1,"5":1,"6":1,"7":1,"8":1,"9":1,"10":1,"11":1,"12":1,"13":1,"14":1,"15":216,"16":0,"17":108,"18":1,"19":1,"20":0,"21":1,"22":1,"23":1,"24":187,"25":1,"26":186,"27":186,"28":186,"29":186,"30":186,"31":125,"32":186,"33":186,"34":1,"35":1,"36":225,"37":1,"38":1,"39":2,"40":1,"41":113,"42":1,"43":0,"44":0,"45":0,"46":0,"47":1,"48":1},"f":{"0":2,"1":1,"2":1,"3":108,"4":1,"5":187,"6":113,"7":0},"b":{"0":[1,0],"1":[108],"2":[108,0],"3":[0,1],"4":[1,186],"5":[125,61],"6":[113],"7":[112,1],"8":[0]}}
,"/Users/dirkstahlecker/programming/trackchasing-website/src/server.ts": {"path":"/Users/dirkstahlecker/programming/trackchasing-website/src/server.ts","statementMap":{"0":{"start":{"line":1,"column":0},"end":{"line":1,"column":30}},"1":{"start":{"line":2,"column":0},"end":{"line":2,"column":24}},"2":{"start":{"line":3,"column":0},"end":{"line":3,"column":32}},"3":{"start":{"line":5,"column":0},"end":{"line":5,"column":73}},"4":{"start":{"line":7,"column":12},"end":{"line":7,"column":21}},"5":{"start":{"line":9,"column":23},"end":{"line":9,"column":35}},"6":{"start":{"line":11,"column":27},"end":{"line":11,"column":40}},"7":{"start":{"line":12,"column":21},"end":{"line":12,"column":28}},"8":{"start":{"line":14,"column":0},"end":{"line":14,"column":13}},"9":{"start":{"line":17,"column":14},"end":{"line":23,"column":null}},"10":{"start":{"line":19,"column":15},"end":{"line":19,"column":null}},"11":{"start":{"line":19,"column":8},"end":{"line":19,"column":null}},"12":{"start":{"line":20,"column":6},"end":{"line":20,"column":66}},"13":{"start":{"line":22,"column":2},"end":{"line":22,"column":19}},"14":{"start":{"line":25,"column":14},"end":{"line":39,"column":null}},"15":{"start":{"line":27,"column":25},"end":{"line":27,"column":null}},"16":{"start":{"line":27,"column":8},"end":{"line":27,"column":null}},"17":{"start":{"line":29,"column":8},"end":{"line":29,"column":26}},"18":{"start":{"line":30,"column":2},"end":{"line":37,"column":4}},"19":{"start":{"line":32,"column":9},"end":{"line":32,"column":32}},"20":{"start":{"line":33,"column":3},"end":{"line":36,"column":null}},"21":{"start":{"line":35,"column":4},"end":{"line":35,"column":29}},"22":{"start":{"line":38,"column":2},"end":{"line":38,"column":22}},"23":{"start":{"line":41,"column":15},"end":{"line":54,"column":null}},"24":{"start":{"line":43,"column":2},"end":{"line":53,"column":null}},"25":{"start":{"line":46,"column":4},"end":{"line":46,"column":30}},"26":{"start":{"line":48,"column":4},"end":{"line":48,"column":34}},"27":{"start":{"line":50,"column":4},"end":{"line":50,"column":37}},"28":{"start":{"line":52,"column":4},"end":{"line":52,"column":null}},"29":{"start":{"line":56,"column":14},"end":{"line":84,"column":null}},"30":{"start":{"line":58,"column":15},"end":{"line":58,"column":null}},"31":{"start":{"line":58,"column":8},"end":{"line":58,"column":null}},"32":{"start":{"line":59,"column":31},"end":{"line":59,"column":null}},"33":{"start":{"line":59,"column":8},"end":{"line":59,"column":null}},"34":{"start":{"line":61,"column":6},"end":{"line":61,"column":36}},"35":{"start":{"line":62,"column":11},"end":{"line":62,"column":18}},"36":{"start":{"line":62,"column":18},"end":{"line":62,"column":41}},"37":{"start":{"line":62,"column":39},"end":{"line":62,"column":41}},"38":{"start":{"line":64,"column":9},"end":{"line":64,"column":42}},"39":{"start":{"line":65,"column":9},"end":{"line":65,"column":61}},"40":{"start":{"line":66,"column":9},"end":{"line":66,"column":56}},"41":{"start":{"line":67,"column":25},"end":{"line":67,"column":null}},"42":{"start":{"line":67,"column":9},"end":{"line":67,"column":null}},"43":{"start":{"line":68,"column":25},"end":{"line":68,"column":null}},"44":{"start":{"line":68,"column":9},"end":{"line":68,"column":null}},"45":{"start":{"line":69,"column":9},"end":{"line":69,"column":88}},"46":{"start":{"line":71,"column":9},"end":{"line":79,"column":5}},"47":{"start":{"line":81,"column":3},"end":{"line":81,"column":38}},"48":{"start":{"line":62,"column":41},"end":{"line":62,"column":null}},"49":{"start":{"line":83,"column":2},"end":{"line":83,"column":null}},"50":{"start":{"line":86,"column":14},"end":{"line":122,"column":null}},"51":{"start":{"line":88,"column":13},"end":{"line":88,"column":null}},"52":{"start":{"line":88,"column":6},"end":{"line":88,"column":null}},"53":{"start":{"line":89,"column":2},"end":{"line":89,"column":28}},"54":{"start":{"line":91,"column":6},"end":{"line":91,"column":16}},"55":{"start":{"line":92,"column":6},"end":{"line":92,"column":12}},"56":{"start":{"line":93,"column":2},"end":{"line":119,"column":null}},"57":{"start":{"line":95,"column":9},"end":{"line":95,"column":39}},"58":{"start":{"line":96,"column":9},"end":{"line":96,"column":39}},"59":{"start":{"line":97,"column":3},"end":{"line":100,"column":null}},"60":{"start":{"line":99,"column":4},"end":{"line":99,"column":10}},"61":{"start":{"line":103,"column":3},"end":{"line":117,"column":null}},"62":{"start":{"line":105,"column":4},"end":{"line":116,"column":null}},"63":{"start":{"line":108,"column":5},"end":{"line":111,"column":null}},"64":{"start":{"line":110,"column":6},"end":{"line":110,"column":null}},"65":{"start":{"line":115,"column":5},"end":{"line":115,"column":13}},"66":{"start":{"line":118,"column":3},"end":{"line":118,"column":7}},"67":{"start":{"line":121,"column":2},"end":{"line":121,"column":15}},"68":{"start":{"line":125,"column":14},"end":{"line":160,"column":null}},"69":{"start":{"line":127,"column":13},"end":{"line":127,"column":null}},"70":{"start":{"line":127,"column":6},"end":{"line":127,"column":null}},"71":{"start":{"line":128,"column":2},"end":{"line":128,"column":28}},"72":{"start":{"line":129,"column":8},"end":{"line":129,"column":20}},"73":{"start":{"line":131,"column":6},"end":{"line":131,"column":12}},"74":{"start":{"line":132,"column":2},"end":{"line":157,"column":null}},"75":{"start":{"line":134,"column":9},"end":{"line":134,"column":39}},"76":{"start":{"line":135,"column":9},"end":{"line":135,"column":39}},"77":{"start":{"line":136,"column":3},"end":{"line":139,"column":null}},"78":{"start":{"line":138,"column":4},"end":{"line":138,"column":10}},"79":{"start":{"line":141,"column":9},"end":{"line":141,"column":48}},"80":{"start":{"line":142,"column":3},"end":{"line":155,"column":null}},"81":{"start":{"line":144,"column":4},"end":{"line":154,"column":null}},"82":{"start":{"line":146,"column":5},"end":{"line":149,"column":null}},"83":{"start":{"line":148,"column":6},"end":{"line":148,"column":25}},"84":{"start":{"line":153,"column":5},"end":{"line":153,"column":24}},"85":{"start":{"line":156,"column":3},"end":{"line":156,"column":7}},"86":{"start":{"line":159,"column":2},"end":{"line":159,"column":16}},"87":{"start":{"line":162,"column":14},"end":{"line":172,"column":null}},"88":{"start":{"line":164,"column":36},"end":{"line":164,"column":null}},"89":{"start":{"line":164,"column":8},"end":{"line":164,"column":null}},"90":{"start":{"line":166,"column":8},"end":{"line":168,"column":null}},"91":{"start":{"line":167,"column":3},"end":{"line":167,"column":60}},"92":{"start":{"line":170,"column":2},"end":{"line":170,"column":20}},"93":{"start":{"line":174,"column":9},"end":{"line":177,"column":null}},"94":{"start":{"line":176,"column":2},"end":{"line":176,"column":29}},"95":{"start":{"line":179,"column":14},"end":{"line":189,"column":null}},"96":{"start":{"line":181,"column":8},"end":{"line":181,"column":33}},"97":{"start":{"line":182,"column":32},"end":{"line":182,"column":null}},"98":{"start":{"line":182,"column":8},"end":{"line":182,"column":null}},"99":{"start":{"line":184,"column":8},"end":{"line":186,"column":5}},"100":{"start":{"line":185,"column":3},"end":{"line":185,"column":69}},"101":{"start":{"line":188,"column":2},"end":{"line":188,"column":23}},"102":{"start":{"line":191,"column":8},"end":{"line":196,"column":null}},"103":{"start":{"line":193,"column":16},"end":{"line":193,"column":41}},"104":{"start":{"line":195,"column":2},"end":{"line":195,"column":27}},"105":{"start":{"line":198,"column":14},"end":{"line":217,"column":null}},"106":{"start":{"line":200,"column":2},"end":{"line":203,"column":null}},"107":{"start":{"line":202,"column":3},"end":{"line":202,"column":104}},"108":{"start":{"line":205,"column":24},"end":{"line":205,"column":null}},"109":{"start":{"line":205,"column":8},"end":{"line":205,"column":null}},"110":{"start":{"line":207,"column":8},"end":{"line":207,"column":70}},"111":{"start":{"line":209,"column":8},"end":{"line":213,"column":4}},"112":{"start":{"line":216,"column":2},"end":{"line":216,"column":22}},"113":{"start":{"line":220,"column":14},"end":{"line":231,"column":null}},"114":{"start":{"line":222,"column":8},"end":{"line":222,"column":39}},"115":{"start":{"line":224,"column":23},"end":{"line":224,"column":null}},"116":{"start":{"line":224,"column":8},"end":{"line":224,"column":null}},"117":{"start":{"line":225,"column":8},"end":{"line":228,"column":5}},"118":{"start":{"line":226,"column":21},"end":{"line":226,"column":55}},"119":{"start":{"line":227,"column":3},"end":{"line":227,"column":52}},"120":{"start":{"line":230,"column":2},"end":{"line":230,"column":78}},"121":{"start":{"line":233,"column":14},"end":{"line":251,"column":null}},"122":{"start":{"line":235,"column":23},"end":{"line":235,"column":null}},"123":{"start":{"line":235,"column":8},"end":{"line":235,"column":null}},"124":{"start":{"line":237,"column":8},"end":{"line":247,"column":5}},"125":{"start":{"line":237,"column":50},"end":{"line":247,"column":4}},"126":{"start":{"line":238,"column":9},"end":{"line":238,"column":54}},"127":{"start":{"line":245,"column":21},"end":{"line":245,"column":null}},"128":{"start":{"line":245,"column":9},"end":{"line":245,"column":null}},"129":{"start":{"line":246,"column":3},"end":{"line":246,"column":20}},"130":{"start":{"line":249,"column":21},"end":{"line":249,"column":null}},"131":{"start":{"line":249,"column":8},"end":{"line":249,"column":null}},"132":{"start":{"line":250,"column":2},"end":{"line":250,"column":20}},"133":{"start":{"line":253,"column":14},"end":{"line":259,"column":null}},"134":{"start":{"line":255,"column":13},"end":{"line":255,"column":null}},"135":{"start":{"line":255,"column":6},"end":{"line":255,"column":null}},"136":{"start":{"line":260,"column":0},"end":{"line":260,"column":null}},"137":{"start":{"line":14,"column":13},"end":{"line":14,"column":19}},"138":{"start":{"line":262,"column":23},"end":{"line":262,"column":35}},"139":{"start":{"line":272,"column":0},"end":{"line":279,"column":3}},"140":{"start":{"line":273,"column":1},"end":{"line":273,"column":null}},"141":{"start":{"line":274,"column":1},"end":{"line":274,"column":45}},"142":{"start":{"line":276,"column":16},"end":{"line":276,"column":null}},"143":{"start":{"line":276,"column":7},"end":{"line":276,"column":null}},"144":{"start":{"line":278,"column":1},"end":{"line":278,"column":18}},"145":{"start":{"line":282,"column":0},"end":{"line":289,"column":3}},"146":{"start":{"line":283,"column":1},"end":{"line":283,"column":null}},"147":{"start":{"line":284,"column":1},"end":{"line":284,"column":45}},"148":{"start":{"line":286,"column":20},"end":{"line":286,"column":null}},"149":{"start":{"line":286,"column":7},"end":{"line":286,"column":null}},"150":{"start":{"line":288,"column":1},"end":{"line":288,"column":22}},"151":{"start":{"line":292,"column":0},"end":{"line":300,"column":3}},"152":{"start":{"line":293,"column":1},"end":{"line":293,"column":60}},"153":{"start":{"line":294,"column":1},"end":{"line":294,"column":45}},"154":{"start":{"line":296,"column":7},"end":{"line":296,"column":71}},"155":{"start":{"line":297,"column":16},"end":{"line":297,"column":null}},"156":{"start":{"line":297,"column":7},"end":{"line":297,"column":null}},"157":{"start":{"line":299,"column":1},"end":{"line":299,"column":18}},"158":{"start":{"line":303,"column":0},"end":{"line":311,"column":3}},"159":{"start":{"line":304,"column":1},"end":{"line":304,"column":72}},"160":{"start":{"line":305,"column":1},"end":{"line":305,"column":45}},"161":{"start":{"line":307,"column":7},"end":{"line":307,"column":71}},"162":{"start":{"line":308,"column":19},"end":{"line":308,"column":null}},"163":{"start":{"line":308,"column":7},"end":{"line":308,"column":null}},"164":{"start":{"line":310,"column":1},"end":{"line":310,"column":21}},"165":{"start":{"line":314,"column":0},"end":{"line":322,"column":3}},"166":{"start":{"line":315,"column":1},"end":{"line":315,"column":55}},"167":{"start":{"line":316,"column":1},"end":{"line":316,"column":45}},"168":{"start":{"line":318,"column":7},"end":{"line":318,"column":71}},"169":{"start":{"line":319,"column":20},"end":{"line":319,"column":null}},"170":{"start":{"line":319,"column":7},"end":{"line":319,"column":null}},"171":{"start":{"line":321,"column":1},"end":{"line":321,"column":22}},"172":{"start":{"line":324,"column":0},"end":{"line":332,"column":3}},"173":{"start":{"line":325,"column":1},"end":{"line":325,"column":null}},"174":{"start":{"line":327,"column":7},"end":{"line":327,"column":71}},"175":{"start":{"line":328,"column":15},"end":{"line":328,"column":null}},"176":{"start":{"line":328,"column":7},"end":{"line":328,"column":null}},"177":{"start":{"line":330,"column":1},"end":{"line":330,"column":45}},"178":{"start":{"line":331,"column":1},"end":{"line":331,"column":30}},"179":{"start":{"line":334,"column":0},"end":{"line":341,"column":3}},"180":{"start":{"line":335,"column":1},"end":{"line":335,"column":23}},"181":{"start":{"line":337,"column":15},"end":{"line":337,"column":null}},"182":{"start":{"line":337,"column":7},"end":{"line":337,"column":null}},"183":{"start":{"line":339,"column":1},"end":{"line":339,"column":45}},"184":{"start":{"line":340,"column":1},"end":{"line":340,"column":17}},"185":{"start":{"line":347,"column":0},"end":{"line":347,"column":62}},"186":{"start":{"line":349,"column":13},"end":{"line":349,"column":58}},"187":{"start":{"line":350,"column":0},"end":{"line":350,"column":30}},"188":{"start":{"line":351,"column":0},"end":{"line":353,"column":null}},"189":{"start":{"line":352,"column":4},"end":{"line":352,"column":41}},"190":{"start":{"line":355,"column":13},"end":{"line":355,"column":37}},"191":{"start":{"line":356,"column":0},"end":{"line":358,"column":3}},"192":{"start":{"line":357,"column":1},"end":{"line":357,"column":null}}},"fnMap":{"0":{"name":"(anonymous_14)","decl":{"start":{"line":14,"column":0},"end":{"line":14,"column":13}},"loc":{"start":{"line":14,"column":0},"end":{"line":260,"column":null}}},"1":{"name":"(anonymous_16)","decl":{"start":{"line":17,"column":1},"end":{"line":17,"column":14}},"loc":{"start":{"line":17,"column":1},"end":{"line":23,"column":null}}},"2":{"name":"(anonymous_19)","decl":{"start":{"line":25,"column":1},"end":{"line":25,"column":14}},"loc":{"start":{"line":25,"column":1},"end":{"line":39,"column":null}}},"3":{"name":"(anonymous_22)","decl":{"start":{"line":41,"column":1},"end":{"line":41,"column":15}},"loc":{"start":{"line":41,"column":56},"end":{"line":54,"column":2}}},"4":{"name":"(anonymous_23)","decl":{"start":{"line":56,"column":1},"end":{"line":56,"column":14}},"loc":{"start":{"line":56,"column":1},"end":{"line":84,"column":null}}},"5":{"name":"(anonymous_26)","decl":{"start":{"line":86,"column":1},"end":{"line":86,"column":14}},"loc":{"start":{"line":86,"column":54},"end":{"line":122,"column":null}}},"6":{"name":"(anonymous_29)","decl":{"start":{"line":125,"column":1},"end":{"line":125,"column":14}},"loc":{"start":{"line":125,"column":61},"end":{"line":160,"column":null}}},"7":{"name":"(anonymous_32)","decl":{"start":{"line":162,"column":1},"end":{"line":162,"column":14}},"loc":{"start":{"line":162,"column":54},"end":{"line":172,"column":null}}},"8":{"name":"(anonymous_35)","decl":{"start":{"line":166,"column":54},"end":{"line":166,"column":55}},"loc":{"start":{"line":166,"column":65},"end":{"line":168,"column":3}}},"9":{"name":"(anonymous_36)","decl":{"start":{"line":174,"column":1},"end":{"line":174,"column":9}},"loc":{"start":{"line":174,"column":34},"end":{"line":177,"column":2}}},"10":{"name":"(anonymous_37)","decl":{"start":{"line":179,"column":1},"end":{"line":179,"column":14}},"loc":{"start":{"line":179,"column":66},"end":{"line":189,"column":null}}},"11":{"name":"(anonymous_40)","decl":{"start":{"line":184,"column":53},"end":{"line":184,"column":54}},"loc":{"start":{"line":184,"column":64},"end":{"line":186,"column":3}}},"12":{"name":"(anonymous_41)","decl":{"start":{"line":191,"column":1},"end":{"line":191,"column":8}},"loc":{"start":{"line":191,"column":50},"end":{"line":196,"column":2}}},"13":{"name":"(anonymous_42)","decl":{"start":{"line":198,"column":1},"end":{"line":198,"column":14}},"loc":{"start":{"line":198,"column":101},"end":{"line":217,"column":null}}},"14":{"name":"(anonymous_45)","decl":{"start":{"line":220,"column":1},"end":{"line":220,"column":14}},"loc":{"start":{"line":220,"column":86},"end":{"line":231,"column":null}}},"15":{"name":"(anonymous_48)","decl":{"start":{"line":225,"column":40},"end":{"line":225,"column":41}},"loc":{"start":{"line":225,"column":46},"end":{"line":228,"column":3}}},"16":{"name":"(anonymous_49)","decl":{"start":{"line":233,"column":1},"end":{"line":233,"column":14}},"loc":{"start":{"line":233,"column":70},"end":{"line":251,"column":null}}},"17":{"name":"(anonymous_52)","decl":{"start":{"line":237,"column":36},"end":{"line":237,"column":42}},"loc":{"start":{"line":237,"column":50},"end":{"line":247,"column":4}}},"18":{"name":"(anonymous_53)","decl":{"start":{"line":237,"column":50},"end":{"line":237,"column":null}},"loc":{"start":{"line":237,"column":50},"end":{"line":247,"column":4}}},"19":{"name":"(anonymous_55)","decl":{"start":{"line":253,"column":1},"end":{"line":253,"column":14}},"loc":{"start":{"line":253,"column":1},"end":{"line":259,"column":null}}},"20":{"name":"(anonymous_58)","decl":{"start":{"line":272,"column":19},"end":{"line":272,"column":35}},"loc":{"start":{"line":272,"column":43},"end":{"line":279,"column":2}}},"21":{"name":"(anonymous_61)","decl":{"start":{"line":282,"column":24},"end":{"line":282,"column":40}},"loc":{"start":{"line":282,"column":48},"end":{"line":289,"column":2}}},"22":{"name":"(anonymous_64)","decl":{"start":{"line":292,"column":37},"end":{"line":292,"column":53}},"loc":{"start":{"line":292,"column":61},"end":{"line":300,"column":2}}},"23":{"name":"(anonymous_67)","decl":{"start":{"line":303,"column":42},"end":{"line":303,"column":58}},"loc":{"start":{"line":303,"column":66},"end":{"line":311,"column":2}}},"24":{"name":"(anonymous_70)","decl":{"start":{"line":314,"column":36},"end":{"line":314,"column":52}},"loc":{"start":{"line":314,"column":60},"end":{"line":322,"column":2}}},"25":{"name":"(anonymous_73)","decl":{"start":{"line":324,"column":42},"end":{"line":324,"column":58}},"loc":{"start":{"line":324,"column":66},"end":{"line":332,"column":2}}},"26":{"name":"(anonymous_76)","decl":{"start":{"line":334,"column":18},"end":{"line":334,"column":34}},"loc":{"start":{"line":334,"column":42},"end":{"line":341,"column":2}}},"27":{"name":"(anonymous_79)","decl":{"start":{"line":351,"column":13},"end":{"line":351,"column":14}},"loc":{"start":{"line":351,"column":22},"end":{"line":353,"column":1}}},"28":{"name":"(anonymous_80)","decl":{"start":{"line":356,"column":17},"end":{"line":356,"column":null}},"loc":{"start":{"line":356,"column":17},"end":{"line":358,"column":1}}}},"branchMap":{"0":{"loc":{"start":{"line":19,"column":15},"end":{"line":19,"column":null}},"type":"switch","locations":[{"start":{"line":19,"column":15},"end":{"line":19,"column":null}}]},"1":{"loc":{"start":{"line":27,"column":25},"end":{"line":27,"column":null}},"type":"switch","locations":[{"start":{"line":27,"column":25},"end":{"line":27,"column":null}}]},"2":{"loc":{"start":{"line":33,"column":3},"end":{"line":36,"column":null}},"type":"if","locations":[{"start":{"line":33,"column":3},"end":{"line":36,"column":null}},{"start":{"line":33,"column":3},"end":{"line":36,"column":null}}]},"3":{"loc":{"start":{"line":45,"column":3},"end":{"line":46,"column":30}},"type":"switch","locations":[{"start":{"line":45,"column":3},"end":{"line":46,"column":30}},{"start":{"line":47,"column":3},"end":{"line":48,"column":34}},{"start":{"line":49,"column":3},"end":{"line":50,"column":37}},{"start":{"line":51,"column":3},"end":{"line":52,"column":null}}]},"4":{"loc":{"start":{"line":58,"column":15},"end":{"line":58,"column":null}},"type":"switch","locations":[{"start":{"line":58,"column":15},"end":{"line":58,"column":null}},{"start":{"line":83,"column":2},"end":{"line":83,"column":null}}]},"5":{"loc":{"start":{"line":62,"column":18},"end":{"line":62,"column":41}},"type":"if","locations":[{"start":{"line":62,"column":18},"end":{"line":62,"column":41}},{"start":{"line":62,"column":18},"end":{"line":62,"column":41}}]},"6":{"loc":{"start":{"line":88,"column":13},"end":{"line":88,"column":null}},"type":"switch","locations":[{"start":{"line":88,"column":13},"end":{"line":88,"column":null}}]},"7":{"loc":{"start":{"line":97,"column":3},"end":{"line":100,"column":null}},"type":"if","locations":[{"start":{"line":97,"column":3},"end":{"line":100,"column":null}},{"start":{"line":97,"column":3},"end":{"line":100,"column":null}}]},"8":{"loc":{"start":{"line":103,"column":3},"end":{"line":117,"column":null}},"type":"if","locations":[{"start":{"line":103,"column":3},"end":{"line":117,"column":null}},{"start":{"line":103,"column":3},"end":{"line":117,"column":null}}]},"9":{"loc":{"start":{"line":105,"column":4},"end":{"line":116,"column":null}},"type":"if","locations":[{"start":{"line":105,"column":4},"end":{"line":116,"column":null}},{"start":{"line":105,"column":4},"end":{"line":116,"column":null}}]},"10":{"loc":{"start":{"line":108,"column":5},"end":{"line":111,"column":null}},"type":"if","locations":[{"start":{"line":108,"column":5},"end":{"line":111,"column":null}},{"start":{"line":108,"column":5},"end":{"line":111,"column":null}}]},"11":{"loc":{"start":{"line":127,"column":13},"end":{"line":127,"column":null}},"type":"switch","locations":[{"start":{"line":127,"column":13},"end":{"line":127,"column":null}}]},"12":{"loc":{"start":{"line":136,"column":3},"end":{"line":139,"column":null}},"type":"if","locations":[{"start":{"line":136,"column":3},"end":{"line":139,"column":null}},{"start":{"line":136,"column":3},"end":{"line":139,"column":null}}]},"13":{"loc":{"start":{"line":142,"column":3},"end":{"line":155,"column":null}},"type":"if","locations":[{"start":{"line":142,"column":3},"end":{"line":155,"column":null}},{"start":{"line":142,"column":3},"end":{"line":155,"column":null}}]},"14":{"loc":{"start":{"line":144,"column":4},"end":{"line":154,"column":null}},"type":"if","locations":[{"start":{"line":144,"column":4},"end":{"line":154,"column":null}},{"start":{"line":144,"column":4},"end":{"line":154,"column":null}}]},"15":{"loc":{"start":{"line":146,"column":5},"end":{"line":149,"column":null}},"type":"if","locations":[{"start":{"line":146,"column":5},"end":{"line":149,"column":null}},{"start":{"line":146,"column":5},"end":{"line":149,"column":null}}]},"16":{"loc":{"start":{"line":164,"column":36},"end":{"line":164,"column":null}},"type":"switch","locations":[{"start":{"line":164,"column":36},"end":{"line":164,"column":null}}]},"17":{"loc":{"start":{"line":200,"column":2},"end":{"line":203,"column":null}},"type":"if","locations":[{"start":{"line":200,"column":2},"end":{"line":203,"column":null}},{"start":{"line":200,"column":2},"end":{"line":203,"column":null}}]},"18":{"loc":{"start":{"line":235,"column":23},"end":{"line":235,"column":null}},"type":"switch","locations":[{"start":{"line":235,"column":23},"end":{"line":235,"column":null}}]},"19":{"loc":{"start":{"line":255,"column":13},"end":{"line":255,"column":null}},"type":"switch","locations":[{"start":{"line":255,"column":13},"end":{"line":255,"column":null}}]},"20":{"loc":{"start":{"line":355,"column":13},"end":{"line":355,"column":29}},"type":"binary-expr","locations":[{"start":{"line":355,"column":13},"end":{"line":355,"column":29}},{"start":{"line":355,"column":33},"end":{"line":355,"column":37}}]}},"s":{"0":1,"1":1,"2":1,"3":1,"4":1,"5":1,"6":1,"7":1,"8":1,"9":1,"10":4,"11":4,"12":4,"13":4,"14":1,"15":2,"16":2,"17":2,"18":2,"19":180,"20":180,"21":154,"22":2,"23":1,"24":90,"25":76,"26":3,"27":11,"28":0,"29":1,"30":1,"31":1,"32":1,"33":1,"34":1,"35":1,"36":91,"37":1,"38":90,"39":90,"40":90,"41":90,"42":90,"43":90,"44":90,"45":90,"46":90,"47":90,"48":90,"49":1,"50":1,"51":96,"52":96,"53":96,"54":96,"55":96,"56":96,"57":4512,"58":4512,"59":4512,"60":96,"61":4416,"62":624,"63":246,"64":41,"65":378,"66":4416,"67":96,"68":1,"69":12,"70":12,"71":12,"72":12,"73":12,"74":12,"75":564,"76":564,"77":564,"78":12,"79":552,"80":552,"81":94,"82":22,"83":3,"84":72,"85":552,"86":12,"87":1,"88":108,"89":108,"90":108,"91":20088,"92":108,"93":1,"94":38,"95":1,"96":6,"97":6,"98":6,"99":6,"100":38,"101":6,"102":1,"103":17,"104":17,"105":1,"106":6,"107":0,"108":6,"109":6,"110":6,"111":6,"112":6,"113":1,"114":6,"115":6,"116":6,"117":6,"118":12,"119":12,"120":6,"121":1,"122":1,"123":1,"124":1,"125":3,"126":3,"127":3,"128":3,"129":3,"130":1,"131":1,"132":1,"133":1,"134":0,"135":0,"136":1,"137":1,"138":1,"139":1,"140":0,"141":0,"142":0,"143":0,"144":0,"145":1,"146":0,"147":0,"148":0,"149":0,"150":0,"151":1,"152":0,"153":0,"154":0,"155":0,"156":0,"157":0,"158":1,"159":0,"160":0,"161":0,"162":0,"163":0,"164":0,"165":1,"166":0,"167":0,"168":0,"169":0,"170":0,"171":0,"172":1,"173":0,"174":0,"175":0,"176":0,"177":0,"178":0,"179":1,"180":0,"181":0,"182":0,"183":0,"184":0,"185":1,"186":1,"187":1,"188":1,"189":0,"190":1,"191":1,"192":0},"f":{"0":3,"1":4,"2":2,"3":90,"4":1,"5":96,"6":12,"7":108,"8":20088,"9":38,"10":6,"11":38,"12":17,"13":6,"14":6,"15":12,"16":1,"17":3,"18":3,"19":0,"20":0,"21":0,"22":0,"23":0,"24":0,"25":0,"26":0,"27":0,"28":0},"b":{"0":[4],"1":[2],"2":[154,26],"3":[76,3,11,0],"4":[1,1],"5":[1,90],"6":[96],"7":[96,4416],"8":[624,3792],"9":[246,378],"10":[41,205],"11":[12],"12":[12,552],"13":[94,458],"14":[22,72],"15":[3,19],"16":[108],"17":[0,6],"18":[1],"19":[0],"20":[1,1]}}
}
