TN:
SF:src/Types.ts
FN:3,(anonymous_0)
FN:15,Track
FN:27,(anonymous_2)
FN:33,(anonymous_3)
FN:41,(anonymous_4)
FN:47,TrackName
FN:59,(anonymous_6)
FN:66,(anonymous_7)
FN:96,(anonymous_8)
FN:108,(anonymous_9)
FN:110,(anonymous_10)
FN:117,EventObj
FN:124,(anonymous_12)
FN:130,(anonymous_13)
FN:143,Flip
FNF:15
FNH:11
FNDA:2,(anonymous_0)
FNDA:91,Track
FNDA:1,(anonymous_2)
FNDA:0,(anonymous_3)
FNDA:2,(anonymous_4)
FNDA:472,TrackName
FNDA:20247,(anonymous_6)
FNDA:472,(anonymous_7)
FNDA:2,(anonymous_8)
FNDA:2,(anonymous_9)
FNDA:2,(anonymous_10)
FNDA:0,EventObj
FNDA:0,(anonymous_12)
FNDA:2,(anonymous_13)
FNDA:0,Flip
DA:3,2
DA:18,91
DA:19,91
DA:20,91
DA:21,91
DA:22,91
DA:23,91
DA:24,91
DA:27,2
DA:29,1
DA:33,2
DA:35,0
DA:39,2
DA:41,2
DA:49,472
DA:51,0
DA:54,472
DA:55,472
DA:56,472
DA:59,2
DA:61,20247
DA:66,2
DA:68,472
DA:73,2
DA:74,2
DA:78,470
DA:80,470
DA:81,470
DA:82,470
DA:83,470
DA:85,91
DA:87,91
DA:88,91
DA:89,91
DA:92,470
DA:96,2
DA:98,2
DA:99,2
DA:101,1
DA:103,2
DA:105,2
DA:108,2
DA:110,2
DA:119,0
DA:120,0
DA:121,0
DA:124,2
DA:126,0
DA:128,2
DA:130,2
DA:146,0
DA:147,0
DA:148,0
DA:149,0
DA:150,0
DA:151,0
DA:152,0
DA:153,0
DA:154,0
DA:155,0
DA:157,2
LF:61
LH:45
BRDA:49,0,0,0
BRDA:49,0,1,472
BRDA:49,1,0,472
BRDA:49,1,1,92
BRDA:61,2,0,20247
BRDA:61,2,1,335
BRDA:61,2,2,288
BRDA:68,3,0,2
BRDA:68,3,1,470
BRDA:68,4,0,472
BRDA:68,4,1,2
BRDA:68,4,2,2
BRDA:83,5,0,91
BRDA:83,5,1,379
BRDA:99,6,0,1
BRDA:99,6,1,1
BRDA:108,7,0,2
BRDA:108,7,1,2
BRF:18
BRH:17
end_of_record
TN:
SF:src/parser.ts
FN:14,(anonymous_14)
FN:16,(anonymous_16)
FN:21,(anonymous_17)
FN:26,(anonymous_18)
FN:37,(anonymous_21)
FN:46,(anonymous_24)
FN:79,(anonymous_25)
FN:93,(anonymous_28)
FNF:8
FNH:7
FNDA:2,(anonymous_14)
FNDA:1,(anonymous_16)
FNDA:1,(anonymous_17)
FNDA:108,(anonymous_18)
FNDA:1,(anonymous_21)
FNDA:187,(anonymous_24)
FNDA:113,(anonymous_25)
FNDA:0,(anonymous_28)
DA:2,1
DA:3,1
DA:4,1
DA:6,1
DA:7,1
DA:9,1
DA:10,1
DA:11,1
DA:12,1
DA:14,1
DA:16,1
DA:18,1
DA:21,1
DA:23,1
DA:26,1
DA:28,216
DA:30,0
DA:32,108
DA:37,1
DA:39,1
DA:41,0
DA:44,1
DA:45,1
DA:46,1
DA:47,187
DA:49,1
DA:52,186
DA:53,186
DA:54,186
DA:55,186
DA:56,186
DA:58,125
DA:60,186
DA:73,186
DA:76,1
DA:79,1
DA:81,225
DA:84,1
DA:85,1
DA:87,2
DA:88,1
DA:90,113
DA:93,1
DA:95,0
DA:96,0
DA:98,0
DA:100,1
LF:47
LH:42
BRDA:23,0,0,1
BRDA:23,0,1,0
BRDA:32,1,0,108
BRDA:28,2,0,108
BRDA:28,2,1,0
BRDA:39,3,0,0
BRDA:39,3,1,1
BRDA:47,4,0,1
BRDA:47,4,1,186
BRDA:56,5,0,125
BRDA:56,5,1,61
BRDA:90,6,0,113
BRDA:81,7,0,112
BRDA:81,7,1,1
BRDA:95,8,0,0
BRF:15
BRH:11
end_of_record
TN:
SF:src/server.ts
FN:14,(anonymous_14)
FN:17,(anonymous_16)
FN:25,(anonymous_19)
FN:41,(anonymous_22)
FN:56,(anonymous_23)
FN:86,(anonymous_26)
FN:125,(anonymous_29)
FN:162,(anonymous_32)
FN:166,(anonymous_35)
FN:174,(anonymous_36)
FN:179,(anonymous_37)
FN:184,(anonymous_40)
FN:191,(anonymous_41)
FN:198,(anonymous_42)
FN:220,(anonymous_45)
FN:225,(anonymous_48)
FN:233,(anonymous_49)
FN:237,(anonymous_52)
FN:237,(anonymous_53)
FN:253,(anonymous_55)
FN:272,(anonymous_58)
FN:282,(anonymous_61)
FN:292,(anonymous_64)
FN:303,(anonymous_67)
FN:314,(anonymous_70)
FN:324,(anonymous_73)
FN:334,(anonymous_76)
FN:351,(anonymous_79)
FN:356,(anonymous_80)
FNF:29
FNH:19
FNDA:3,(anonymous_14)
FNDA:4,(anonymous_16)
FNDA:2,(anonymous_19)
FNDA:90,(anonymous_22)
FNDA:1,(anonymous_23)
FNDA:96,(anonymous_26)
FNDA:12,(anonymous_29)
FNDA:108,(anonymous_32)
FNDA:20088,(anonymous_35)
FNDA:38,(anonymous_36)
FNDA:6,(anonymous_37)
FNDA:38,(anonymous_40)
FNDA:17,(anonymous_41)
FNDA:6,(anonymous_42)
FNDA:6,(anonymous_45)
FNDA:12,(anonymous_48)
FNDA:1,(anonymous_49)
FNDA:3,(anonymous_52)
FNDA:3,(anonymous_53)
FNDA:0,(anonymous_55)
FNDA:0,(anonymous_58)
FNDA:0,(anonymous_61)
FNDA:0,(anonymous_64)
FNDA:0,(anonymous_67)
FNDA:0,(anonymous_70)
FNDA:0,(anonymous_73)
FNDA:0,(anonymous_76)
FNDA:0,(anonymous_79)
FNDA:0,(anonymous_80)
DA:1,1
DA:2,1
DA:3,1
DA:5,1
DA:7,1
DA:9,1
DA:11,1
DA:12,1
DA:14,1
DA:17,1
DA:19,4
DA:20,4
DA:22,4
DA:25,1
DA:27,2
DA:29,2
DA:30,2
DA:32,180
DA:33,180
DA:35,154
DA:38,2
DA:41,1
DA:43,90
DA:46,76
DA:48,3
DA:50,11
DA:52,0
DA:56,1
DA:58,1
DA:59,1
DA:61,1
DA:62,91
DA:64,90
DA:65,90
DA:66,90
DA:67,90
DA:68,90
DA:69,90
DA:71,90
DA:81,90
DA:83,1
DA:86,1
DA:88,96
DA:89,96
DA:91,96
DA:92,96
DA:93,96
DA:95,4512
DA:96,4512
DA:97,4512
DA:99,96
DA:103,4416
DA:105,624
DA:108,246
DA:110,41
DA:115,378
DA:118,4416
DA:121,96
DA:125,1
DA:127,12
DA:128,12
DA:129,12
DA:131,12
DA:132,12
DA:134,564
DA:135,564
DA:136,564
DA:138,12
DA:141,552
DA:142,552
DA:144,94
DA:146,22
DA:148,3
DA:153,72
DA:156,552
DA:159,12
DA:162,1
DA:164,108
DA:166,108
DA:167,20088
DA:170,108
DA:174,1
DA:176,38
DA:179,1
DA:181,6
DA:182,6
DA:184,6
DA:185,38
DA:188,6
DA:191,1
DA:193,17
DA:195,17
DA:198,1
DA:200,6
DA:202,0
DA:205,6
DA:207,6
DA:209,6
DA:216,6
DA:220,1
DA:222,6
DA:224,6
DA:225,6
DA:226,12
DA:227,12
DA:230,6
DA:233,1
DA:235,1
DA:237,3
DA:238,3
DA:245,3
DA:246,3
DA:249,1
DA:250,1
DA:253,1
DA:255,0
DA:260,1
DA:262,1
DA:272,1
DA:273,0
DA:274,0
DA:276,0
DA:278,0
DA:282,1
DA:283,0
DA:284,0
DA:286,0
DA:288,0
DA:292,1
DA:293,0
DA:294,0
DA:296,0
DA:297,0
DA:299,0
DA:303,1
DA:304,0
DA:305,0
DA:307,0
DA:308,0
DA:310,0
DA:314,1
DA:315,0
DA:316,0
DA:318,0
DA:319,0
DA:321,0
DA:324,1
DA:325,0
DA:327,0
DA:328,0
DA:330,0
DA:331,0
DA:334,1
DA:335,0
DA:337,0
DA:339,0
DA:340,0
DA:347,1
DA:349,1
DA:350,1
DA:351,1
DA:352,0
DA:355,1
DA:356,1
DA:357,0
LF:165
LH:128
BRDA:19,0,0,4
BRDA:27,1,0,2
BRDA:33,2,0,154
BRDA:33,2,1,26
BRDA:45,3,0,76
BRDA:45,3,1,3
BRDA:45,3,2,11
BRDA:45,3,3,0
BRDA:58,4,0,1
BRDA:58,4,1,1
BRDA:62,5,0,1
BRDA:62,5,1,90
BRDA:88,6,0,96
BRDA:97,7,0,96
BRDA:97,7,1,4416
BRDA:103,8,0,624
BRDA:103,8,1,3792
BRDA:105,9,0,246
BRDA:105,9,1,378
BRDA:108,10,0,41
BRDA:108,10,1,205
BRDA:127,11,0,12
BRDA:136,12,0,12
BRDA:136,12,1,552
BRDA:142,13,0,94
BRDA:142,13,1,458
BRDA:144,14,0,22
BRDA:144,14,1,72
BRDA:146,15,0,3
BRDA:146,15,1,19
BRDA:164,16,0,108
BRDA:200,17,0,0
BRDA:200,17,1,6
BRDA:235,18,0,1
BRDA:255,19,0,0
BRDA:355,20,0,1
BRDA:355,20,1,1
BRF:37
BRH:34
end_of_record
