TN:
SF:src/Types.ts
FN:3,(anonymous_0)
FN:15,Track
FN:27,(anonymous_2)
FN:33,(anonymous_3)
FN:41,(anonymous_4)
FN:47,TrackName
FN:59,(anonymous_6)
FN:66,(anonymous_7)
FN:96,(anonymous_8)
FN:108,(anonymous_9)
FN:110,(anonymous_10)
FN:117,EventObj
FN:124,(anonymous_12)
FN:130,(anonymous_13)
FN:143,Flip
FNF:15
FNH:11
FNDA:2,(anonymous_0)
FNDA:1,Track
FNDA:1,(anonymous_2)
FNDA:0,(anonymous_3)
FNDA:2,(anonymous_4)
FNDA:198,TrackName
FNDA:190,(anonymous_6)
FNDA:198,(anonymous_7)
FNDA:2,(anonymous_8)
FNDA:2,(anonymous_9)
FNDA:2,(anonymous_10)
FNDA:0,EventObj
FNDA:0,(anonymous_12)
FNDA:2,(anonymous_13)
FNDA:0,Flip
DA:3,2
DA:18,1
DA:19,1
DA:20,1
DA:21,1
DA:22,1
DA:23,1
DA:24,1
DA:27,2
DA:29,1
DA:33,2
DA:35,0
DA:39,2
DA:41,2
DA:49,198
DA:51,0
DA:54,198
DA:55,198
DA:56,198
DA:59,2
DA:61,190
DA:66,2
DA:68,198
DA:73,2
DA:74,2
DA:78,196
DA:80,196
DA:81,196
DA:82,196
DA:83,196
DA:85,5
DA:87,5
DA:88,5
DA:89,5
DA:92,196
DA:96,2
DA:98,2
DA:99,2
DA:101,1
DA:103,2
DA:105,2
DA:108,2
DA:110,2
DA:119,0
DA:120,0
DA:121,0
DA:124,2
DA:126,0
DA:128,2
DA:130,2
DA:146,0
DA:147,0
DA:148,0
DA:149,0
DA:150,0
DA:151,0
DA:152,0
DA:153,0
DA:154,0
DA:155,0
DA:157,2
LF:61
LH:45
BRDA:49,0,0,0
BRDA:49,0,1,198
BRDA:49,1,0,198
BRDA:49,1,1,6
BRDA:61,2,0,190
BRDA:61,2,1,10
BRDA:61,2,2,8
BRDA:68,3,0,2
BRDA:68,3,1,196
BRDA:68,4,0,198
BRDA:68,4,1,2
BRDA:68,4,2,2
BRDA:83,5,0,5
BRDA:83,5,1,191
BRDA:99,6,0,1
BRDA:99,6,1,1
BRDA:108,7,0,2
BRDA:108,7,1,2
BRF:18
BRH:17
end_of_record
TN:
SF:src/parser.ts
FN:14,(anonymous_14)
FN:16,(anonymous_16)
FN:21,(anonymous_17)
FN:26,(anonymous_18)
FN:37,(anonymous_21)
FN:46,(anonymous_24)
FN:79,(anonymous_25)
FN:93,(anonymous_28)
FNF:8
FNH:7
FNDA:2,(anonymous_14)
FNDA:1,(anonymous_16)
FNDA:1,(anonymous_17)
FNDA:1,(anonymous_18)
FNDA:1,(anonymous_21)
FNDA:187,(anonymous_24)
FNDA:1,(anonymous_25)
FNDA:0,(anonymous_28)
DA:2,1
DA:3,1
DA:4,1
DA:6,1
DA:7,1
DA:9,1
DA:10,1
DA:11,1
DA:12,1
DA:14,1
DA:16,1
DA:18,1
DA:21,1
DA:23,1
DA:26,1
DA:28,2
DA:30,0
DA:32,1
DA:37,1
DA:39,1
DA:41,0
DA:44,1
DA:45,1
DA:46,1
DA:47,187
DA:49,1
DA:52,186
DA:53,186
DA:54,186
DA:55,186
DA:56,186
DA:58,125
DA:60,186
DA:73,186
DA:76,1
DA:79,1
DA:81,1
DA:84,1
DA:85,1
DA:87,2
DA:88,1
DA:90,1
DA:93,1
DA:95,0
DA:96,0
DA:98,0
DA:100,1
LF:47
LH:42
BRDA:23,0,0,1
BRDA:23,0,1,0
BRDA:32,1,0,1
BRDA:28,2,0,1
BRDA:28,2,1,0
BRDA:39,3,0,0
BRDA:39,3,1,1
BRDA:47,4,0,1
BRDA:47,4,1,186
BRDA:56,5,0,125
BRDA:56,5,1,61
BRDA:90,6,0,1
BRDA:81,7,0,0
BRDA:81,7,1,1
BRDA:95,8,0,0
BRF:15
BRH:10
end_of_record
TN:
SF:src/server.ts
FN:11,(anonymous_14)
FN:14,(anonymous_16)
FN:22,(anonymous_19)
FN:38,(anonymous_22)
FN:53,(anonymous_23)
FN:83,(anonymous_26)
FN:122,(anonymous_29)
FN:159,(anonymous_32)
FN:163,(anonymous_35)
FN:170,(anonymous_36)
FN:175,(anonymous_37)
FN:180,(anonymous_40)
FN:187,(anonymous_41)
FN:194,(anonymous_42)
FN:216,(anonymous_45)
FN:221,(anonymous_48)
FN:229,(anonymous_49)
FN:233,(anonymous_52)
FN:233,(anonymous_53)
FN:249,(anonymous_55)
FN:269,(anonymous_58)
FN:279,(anonymous_61)
FN:289,(anonymous_64)
FN:300,(anonymous_67)
FN:311,(anonymous_70)
FN:321,(anonymous_73)
FN:331,(anonymous_76)
FN:348,(anonymous_79)
FN:353,(anonymous_80)
FNF:29
FNH:11
FNDA:3,(anonymous_14)
FNDA:0,(anonymous_16)
FNDA:0,(anonymous_19)
FNDA:0,(anonymous_22)
FNDA:0,(anonymous_23)
FNDA:0,(anonymous_26)
FNDA:1,(anonymous_29)
FNDA:1,(anonymous_32)
FNDA:186,(anonymous_35)
FNDA:7,(anonymous_36)
FNDA:1,(anonymous_37)
FNDA:7,(anonymous_40)
FNDA:3,(anonymous_41)
FNDA:1,(anonymous_42)
FNDA:1,(anonymous_45)
FNDA:3,(anonymous_48)
FNDA:0,(anonymous_49)
FNDA:0,(anonymous_52)
FNDA:0,(anonymous_53)
FNDA:0,(anonymous_55)
FNDA:0,(anonymous_58)
FNDA:0,(anonymous_61)
FNDA:0,(anonymous_64)
FNDA:0,(anonymous_67)
FNDA:0,(anonymous_70)
FNDA:0,(anonymous_73)
FNDA:0,(anonymous_76)
FNDA:0,(anonymous_79)
FNDA:0,(anonymous_80)
DA:1,1
DA:2,1
DA:3,1
DA:4,1
DA:6,1
DA:8,1
DA:9,1
DA:11,1
DA:14,1
DA:16,0
DA:17,0
DA:19,0
DA:22,1
DA:24,0
DA:26,0
DA:27,0
DA:29,0
DA:30,0
DA:32,0
DA:35,0
DA:38,1
DA:40,0
DA:43,0
DA:45,0
DA:47,0
DA:49,0
DA:53,1
DA:55,0
DA:56,0
DA:58,0
DA:59,0
DA:61,0
DA:62,0
DA:63,0
DA:64,0
DA:65,0
DA:66,0
DA:68,0
DA:78,0
DA:80,0
DA:83,1
DA:85,0
DA:86,0
DA:88,0
DA:89,0
DA:90,0
DA:92,0
DA:93,0
DA:94,0
DA:96,0
DA:100,0
DA:102,0
DA:105,0
DA:107,0
DA:112,0
DA:115,0
DA:118,0
DA:122,1
DA:124,1
DA:125,1
DA:126,1
DA:128,1
DA:129,1
DA:131,47
DA:132,47
DA:133,47
DA:135,1
DA:138,46
DA:139,46
DA:141,3
DA:143,0
DA:145,0
DA:150,3
DA:153,46
DA:156,1
DA:159,1
DA:161,1
DA:163,1
DA:164,186
DA:167,1
DA:170,1
DA:172,7
DA:175,1
DA:177,1
DA:178,1
DA:180,1
DA:181,7
DA:184,1
DA:187,1
DA:189,3
DA:191,3
DA:194,1
DA:196,1
DA:198,0
DA:201,1
DA:203,1
DA:205,1
DA:212,1
DA:216,1
DA:218,1
DA:220,1
DA:221,1
DA:222,3
DA:223,3
DA:226,1
DA:229,1
DA:231,0
DA:233,0
DA:234,0
DA:241,0
DA:242,0
DA:245,0
DA:246,0
DA:249,1
DA:251,0
DA:256,1
DA:258,1
DA:259,1
DA:269,1
DA:270,0
DA:271,0
DA:273,0
DA:275,0
DA:279,1
DA:280,0
DA:281,0
DA:283,0
DA:285,0
DA:289,1
DA:290,0
DA:291,0
DA:293,0
DA:294,0
DA:296,0
DA:300,1
DA:301,0
DA:302,0
DA:304,0
DA:305,0
DA:307,0
DA:311,1
DA:312,0
DA:313,0
DA:315,0
DA:316,0
DA:318,0
DA:321,1
DA:322,0
DA:324,0
DA:325,0
DA:327,0
DA:328,0
DA:331,1
DA:332,0
DA:334,0
DA:336,0
DA:337,0
DA:344,1
DA:346,1
DA:347,1
DA:348,1
DA:349,0
DA:352,1
DA:353,1
DA:354,0
LF:165
LH:76
BRDA:16,0,0,0
BRDA:24,1,0,0
BRDA:30,2,0,0
BRDA:30,2,1,0
BRDA:42,3,0,0
BRDA:42,3,1,0
BRDA:42,3,2,0
BRDA:42,3,3,0
BRDA:55,4,0,0
BRDA:55,4,1,0
BRDA:59,5,0,0
BRDA:59,5,1,0
BRDA:85,6,0,0
BRDA:94,7,0,0
BRDA:94,7,1,0
BRDA:100,8,0,0
BRDA:100,8,1,0
BRDA:102,9,0,0
BRDA:102,9,1,0
BRDA:105,10,0,0
BRDA:105,10,1,0
BRDA:124,11,0,1
BRDA:133,12,0,1
BRDA:133,12,1,46
BRDA:139,13,0,3
BRDA:139,13,1,43
BRDA:141,14,0,0
BRDA:141,14,1,3
BRDA:143,15,0,0
BRDA:143,15,1,0
BRDA:161,16,0,1
BRDA:196,17,0,0
BRDA:196,17,1,1
BRDA:231,18,0,0
BRDA:251,19,0,0
BRDA:352,20,0,1
BRDA:352,20,1,1
BRF:37
BRH:10
end_of_record
